The system is: CYGWIN - 2.11.1(0.329/5/3) - x86_64
Compiling the C compiler identification source file "CMakeCCompilerId.c" succeeded.
Compiler: /cygdrive/c/cygwin64/bin/clang 
Build flags: 
Id flags:  

The output was:
0


Compilation of the C compiler identification source "CMakeCCompilerId.c" produced "a.exe"

The C compiler identification is Clang, found in "/cygdrive/c/Users/Kian/CLionProjects/q4helper/cmake-build-debug/CMakeFiles/3.12.3/CompilerIdC/a.exe"

Compiling the CXX compiler identification source file "CMakeCXXCompilerId.cpp" succeeded.
Compiler: /cygdrive/c/cygwin64/bin/clang++ 
Build flags: 
Id flags:  

The output was:
0


Compilation of the CXX compiler identification source "CMakeCXXCompilerId.cpp" produced "a.exe"

The CXX compiler identification is Clang, found in "/cygdrive/c/Users/Kian/CLionProjects/q4helper/cmake-build-debug/CMakeFiles/3.12.3/CompilerIdCXX/a.exe"

Determining if the C compiler works passed with the following output:
Change Dir: /cygdrive/c/Users/Kian/CLionProjects/q4helper/cmake-build-debug/CMakeFiles/CMakeTmp

Run Build Command:"/usr/bin/make.exe" "cmTC_12c97/fast"
/usr/bin/make -f CMakeFiles/cmTC_12c97.dir/build.make CMakeFiles/cmTC_12c97.dir/build
make[1]: Entering directory '/cygdrive/c/Users/Kian/CLionProjects/q4helper/cmake-build-debug/CMakeFiles/CMakeTmp'
Building C object CMakeFiles/cmTC_12c97.dir/testCCompiler.c.o
/cygdrive/c/cygwin64/bin/clang    -o CMakeFiles/cmTC_12c97.dir/testCCompiler.c.o   -c /cygdrive/c/Users/Kian/CLionProjects/q4helper/cmake-build-debug/CMakeFiles/CMakeTmp/testCCompiler.c
Linking C executable cmTC_12c97.exe
/cygdrive/c/Users/Kian/.CLion2018.2/system/cygwin_cmake/bin/cmake.exe -E cmake_link_script CMakeFiles/cmTC_12c97.dir/link.txt --verbose=1
/cygdrive/c/cygwin64/bin/clang    -Wl,--enable-auto-import  CMakeFiles/cmTC_12c97.dir/testCCompiler.c.o  -o cmTC_12c97.exe -Wl,--out-implib,libcmTC_12c97.dll.a -Wl,--major-image-version,0,--minor-image-version,0 
make[1]: Leaving directory '/cygdrive/c/Users/Kian/CLionProjects/q4helper/cmake-build-debug/CMakeFiles/CMakeTmp'


Detecting C compiler ABI info compiled with the following output:
Change Dir: /cygdrive/c/Users/Kian/CLionProjects/q4helper/cmake-build-debug/CMakeFiles/CMakeTmp

Run Build Command:"/usr/bin/make.exe" "cmTC_3b18a/fast"
/usr/bin/make -f CMakeFiles/cmTC_3b18a.dir/build.make CMakeFiles/cmTC_3b18a.dir/build
make[1]: Entering directory '/cygdrive/c/Users/Kian/CLionProjects/q4helper/cmake-build-debug/CMakeFiles/CMakeTmp'
Building C object CMakeFiles/cmTC_3b18a.dir/CMakeCCompilerABI.c.o
/cygdrive/c/cygwin64/bin/clang    -o CMakeFiles/cmTC_3b18a.dir/CMakeCCompilerABI.c.o   -c /cygdrive/c/Users/Kian/.CLion2018.2/system/cygwin_cmake/share/cmake-3.12.3/Modules/CMakeCCompilerABI.c
Linking C executable cmTC_3b18a.exe
/cygdrive/c/Users/Kian/.CLion2018.2/system/cygwin_cmake/bin/cmake.exe -E cmake_link_script CMakeFiles/cmTC_3b18a.dir/link.txt --verbose=1
/cygdrive/c/cygwin64/bin/clang    -Wl,--enable-auto-import -v CMakeFiles/cmTC_3b18a.dir/CMakeCCompilerABI.c.o  -o cmTC_3b18a.exe -Wl,--out-implib,libcmTC_3b18a.dll.a -Wl,--major-image-version,0,--minor-image-version,0 
clang version 5.0.1 (tags/RELEASE_501/final)
Target: x86_64-unknown-windows-cygnus
Thread model: posix
InstalledDir: /cygdrive/c/cygwin64/bin
 "/cygdrive/c/cygwin64/bin/ld" -m i386pep --wrap _Znwm --wrap _Znam --wrap _ZnwmRKSt9nothrow_t --wrap _ZnamRKSt9nothrow_t --wrap _ZdlPv --wrap _ZdaPv --wrap _ZdlPvRKSt9nothrow_t --wrap _ZdaPvKSt9nothrow_t -Bdynamic --tsaware -o cmTC_3b18a.exe /usr/lib/crt0.o /usr/lib/gcc/x86_64-pc-cygwin/7.3.0/crtbegin.o -L/usr/lib/gcc/x86_64-pc-cygwin/7.3.0 -L/usr/x86_64-pc-cygwin/lib -L/usr/lib --enable-auto-import CMakeFiles/cmTC_3b18a.dir/CMakeCCompilerABI.c.o --out-implib libcmTC_3b18a.dll.a --major-image-version 0 --minor-image-version 0 -lgcc_s -lgcc -lcygwin -ladvapi32 -lshell32 -luser32 -lkernel32 -lgcc_s -lgcc -lcygwin /usr/lib/default-manifest.o /usr/lib/gcc/x86_64-pc-cygwin/7.3.0/crtend.o
make[1]: Leaving directory '/cygdrive/c/Users/Kian/CLionProjects/q4helper/cmake-build-debug/CMakeFiles/CMakeTmp'


Parsed C implicit link information from above output:
  link line regex: [^( *|.*[/\])(ld\.exe|CMAKE_LINK_STARTFILE-NOTFOUND|([^/\]+-)?ld|collect2)[^/\]*( |$)]
  ignore line: [Change Dir: /cygdrive/c/Users/Kian/CLionProjects/q4helper/cmake-build-debug/CMakeFiles/CMakeTmp]
  ignore line: []
  ignore line: [Run Build Command:"/usr/bin/make.exe" "cmTC_3b18a/fast"]
  ignore line: [/usr/bin/make -f CMakeFiles/cmTC_3b18a.dir/build.make CMakeFiles/cmTC_3b18a.dir/build]
  ignore line: [make[1]: Entering directory '/cygdrive/c/Users/Kian/CLionProjects/q4helper/cmake-build-debug/CMakeFiles/CMakeTmp']
  ignore line: [Building C object CMakeFiles/cmTC_3b18a.dir/CMakeCCompilerABI.c.o]
  ignore line: [/cygdrive/c/cygwin64/bin/clang    -o CMakeFiles/cmTC_3b18a.dir/CMakeCCompilerABI.c.o   -c /cygdrive/c/Users/Kian/.CLion2018.2/system/cygwin_cmake/share/cmake-3.12.3/Modules/CMakeCCompilerABI.c]
  ignore line: [Linking C executable cmTC_3b18a.exe]
  ignore line: [/cygdrive/c/Users/Kian/.CLion2018.2/system/cygwin_cmake/bin/cmake.exe -E cmake_link_script CMakeFiles/cmTC_3b18a.dir/link.txt --verbose=1]
  ignore line: [/cygdrive/c/cygwin64/bin/clang    -Wl,--enable-auto-import -v CMakeFiles/cmTC_3b18a.dir/CMakeCCompilerABI.c.o  -o cmTC_3b18a.exe -Wl,--out-implib,libcmTC_3b18a.dll.a -Wl,--major-image-version,0,--minor-image-version,0 ]
  ignore line: [clang version 5.0.1 (tags/RELEASE_501/final)]
  ignore line: [Target: x86_64-unknown-windows-cygnus]
  ignore line: [Thread model: posix]
  ignore line: [InstalledDir: /cygdrive/c/cygwin64/bin]
  link line: [ "/cygdrive/c/cygwin64/bin/ld" -m i386pep --wrap _Znwm --wrap _Znam --wrap _ZnwmRKSt9nothrow_t --wrap _ZnamRKSt9nothrow_t --wrap _ZdlPv --wrap _ZdaPv --wrap _ZdlPvRKSt9nothrow_t --wrap _ZdaPvKSt9nothrow_t -Bdynamic --tsaware -o cmTC_3b18a.exe /usr/lib/crt0.o /usr/lib/gcc/x86_64-pc-cygwin/7.3.0/crtbegin.o -L/usr/lib/gcc/x86_64-pc-cygwin/7.3.0 -L/usr/x86_64-pc-cygwin/lib -L/usr/lib --enable-auto-import CMakeFiles/cmTC_3b18a.dir/CMakeCCompilerABI.c.o --out-implib libcmTC_3b18a.dll.a --major-image-version 0 --minor-image-version 0 -lgcc_s -lgcc -lcygwin -ladvapi32 -lshell32 -luser32 -lkernel32 -lgcc_s -lgcc -lcygwin /usr/lib/default-manifest.o /usr/lib/gcc/x86_64-pc-cygwin/7.3.0/crtend.o]
    arg [/cygdrive/c/cygwin64/bin/ld] ==> ignore
    arg [-m] ==> ignore
    arg [i386pep] ==> ignore
    arg [--wrap] ==> ignore
    arg [_Znwm] ==> ignore
    arg [--wrap] ==> ignore
    arg [_Znam] ==> ignore
    arg [--wrap] ==> ignore
    arg [_ZnwmRKSt9nothrow_t] ==> ignore
    arg [--wrap] ==> ignore
    arg [_ZnamRKSt9nothrow_t] ==> ignore
    arg [--wrap] ==> ignore
    arg [_ZdlPv] ==> ignore
    arg [--wrap] ==> ignore
    arg [_ZdaPv] ==> ignore
    arg [--wrap] ==> ignore
    arg [_ZdlPvRKSt9nothrow_t] ==> ignore
    arg [--wrap] ==> ignore
    arg [_ZdaPvKSt9nothrow_t] ==> ignore
    arg [-Bdynamic] ==> ignore
    arg [--tsaware] ==> ignore
    arg [-o] ==> ignore
    arg [cmTC_3b18a.exe] ==> ignore
    arg [/usr/lib/crt0.o] ==> ignore
    arg [/usr/lib/gcc/x86_64-pc-cygwin/7.3.0/crtbegin.o] ==> ignore
    arg [-L/usr/lib/gcc/x86_64-pc-cygwin/7.3.0] ==> dir [/usr/lib/gcc/x86_64-pc-cygwin/7.3.0]
    arg [-L/usr/x86_64-pc-cygwin/lib] ==> dir [/usr/x86_64-pc-cygwin/lib]
    arg [-L/usr/lib] ==> dir [/usr/lib]
    arg [--enable-auto-import] ==> ignore
    arg [CMakeFiles/cmTC_3b18a.dir/CMakeCCompilerABI.c.o] ==> ignore
    arg [--out-implib] ==> ignore
    arg [libcmTC_3b18a.dll.a] ==> ignore
    arg [--major-image-version] ==> ignore
    arg [0] ==> ignore
    arg [--minor-image-version] ==> ignore
    arg [0] ==> ignore
    arg [-lgcc_s] ==> lib [gcc_s]
    arg [-lgcc] ==> lib [gcc]
    arg [-lcygwin] ==> lib [cygwin]
    arg [-ladvapi32] ==> lib [advapi32]
    arg [-lshell32] ==> lib [shell32]
    arg [-luser32] ==> lib [user32]
    arg [-lkernel32] ==> lib [kernel32]
    arg [-lgcc_s] ==> lib [gcc_s]
    arg [-lgcc] ==> lib [gcc]
    arg [-lcygwin] ==> lib [cygwin]
    arg [/usr/lib/default-manifest.o] ==> ignore
    arg [/usr/lib/gcc/x86_64-pc-cygwin/7.3.0/crtend.o] ==> ignore
  collapse library dir [/usr/lib/gcc/x86_64-pc-cygwin/7.3.0] ==> [/usr/lib/gcc/x86_64-pc-cygwin/7.3.0]
  collapse library dir [/usr/x86_64-pc-cygwin/lib] ==> [/usr/x86_64-pc-cygwin/lib]
  collapse library dir [/usr/lib] ==> [/usr/lib]
  implicit libs: [gcc_s;gcc;cygwin;advapi32;shell32;user32;kernel32;gcc_s;gcc;cygwin]
  implicit dirs: [/usr/lib/gcc/x86_64-pc-cygwin/7.3.0;/usr/x86_64-pc-cygwin/lib;/usr/lib]
  implicit fwks: []




Detecting C [-std=c11] compiler features compiled with the following output:
Change Dir: /cygdrive/c/Users/Kian/CLionProjects/q4helper/cmake-build-debug/CMakeFiles/CMakeTmp

Run Build Command:"/usr/bin/make.exe" "cmTC_3b40c/fast"
/usr/bin/make -f CMakeFiles/cmTC_3b40c.dir/build.make CMakeFiles/cmTC_3b40c.dir/build
make[1]: Entering directory '/cygdrive/c/Users/Kian/CLionProjects/q4helper/cmake-build-debug/CMakeFiles/CMakeTmp'
Building C object CMakeFiles/cmTC_3b40c.dir/feature_tests.c.o
/cygdrive/c/cygwin64/bin/clang   -std=c11 -o CMakeFiles/cmTC_3b40c.dir/feature_tests.c.o   -c /cygdrive/c/Users/Kian/CLionProjects/q4helper/cmake-build-debug/CMakeFiles/feature_tests.c
Linking C executable cmTC_3b40c.exe
/cygdrive/c/Users/Kian/.CLion2018.2/system/cygwin_cmake/bin/cmake.exe -E cmake_link_script CMakeFiles/cmTC_3b40c.dir/link.txt --verbose=1
/cygdrive/c/cygwin64/bin/clang    -Wl,--enable-auto-import  CMakeFiles/cmTC_3b40c.dir/feature_tests.c.o  -o cmTC_3b40c.exe -Wl,--out-implib,libcmTC_3b40c.dll.a -Wl,--major-image-version,0,--minor-image-version,0 
make[1]: Leaving directory '/cygdrive/c/Users/Kian/CLionProjects/q4helper/cmake-build-debug/CMakeFiles/CMakeTmp'


    Feature record: C_FEATURE:1c_function_prototypes
    Feature record: C_FEATURE:1c_restrict
    Feature record: C_FEATURE:1c_static_assert
    Feature record: C_FEATURE:1c_variadic_macros


Detecting C [-std=c99] compiler features compiled with the following output:
Change Dir: /cygdrive/c/Users/Kian/CLionProjects/q4helper/cmake-build-debug/CMakeFiles/CMakeTmp

Run Build Command:"/usr/bin/make.exe" "cmTC_60115/fast"
/usr/bin/make -f CMakeFiles/cmTC_60115.dir/build.make CMakeFiles/cmTC_60115.dir/build
make[1]: Entering directory '/cygdrive/c/Users/Kian/CLionProjects/q4helper/cmake-build-debug/CMakeFiles/CMakeTmp'
Building C object CMakeFiles/cmTC_60115.dir/feature_tests.c.o
/cygdrive/c/cygwin64/bin/clang   -std=c99 -o CMakeFiles/cmTC_60115.dir/feature_tests.c.o   -c /cygdrive/c/Users/Kian/CLionProjects/q4helper/cmake-build-debug/CMakeFiles/feature_tests.c
Linking C executable cmTC_60115.exe
/cygdrive/c/Users/Kian/.CLion2018.2/system/cygwin_cmake/bin/cmake.exe -E cmake_link_script CMakeFiles/cmTC_60115.dir/link.txt --verbose=1
/cygdrive/c/cygwin64/bin/clang    -Wl,--enable-auto-import  CMakeFiles/cmTC_60115.dir/feature_tests.c.o  -o cmTC_60115.exe -Wl,--out-implib,libcmTC_60115.dll.a -Wl,--major-image-version,0,--minor-image-version,0 
make[1]: Leaving directory '/cygdrive/c/Users/Kian/CLionProjects/q4helper/cmake-build-debug/CMakeFiles/CMakeTmp'


    Feature record: C_FEATURE:1c_function_prototypes
    Feature record: C_FEATURE:1c_restrict
    Feature record: C_FEATURE:0c_static_assert
    Feature record: C_FEATURE:1c_variadic_macros


Detecting C [-std=c90] compiler features compiled with the following output:
Change Dir: /cygdrive/c/Users/Kian/CLionProjects/q4helper/cmake-build-debug/CMakeFiles/CMakeTmp

Run Build Command:"/usr/bin/make.exe" "cmTC_a340a/fast"
/usr/bin/make -f CMakeFiles/cmTC_a340a.dir/build.make CMakeFiles/cmTC_a340a.dir/build
make[1]: Entering directory '/cygdrive/c/Users/Kian/CLionProjects/q4helper/cmake-build-debug/CMakeFiles/CMakeTmp'
Building C object CMakeFiles/cmTC_a340a.dir/feature_tests.c.o
/cygdrive/c/cygwin64/bin/clang   -std=c90 -o CMakeFiles/cmTC_a340a.dir/feature_tests.c.o   -c /cygdrive/c/Users/Kian/CLionProjects/q4helper/cmake-build-debug/CMakeFiles/feature_tests.c
Linking C executable cmTC_a340a.exe
/cygdrive/c/Users/Kian/.CLion2018.2/system/cygwin_cmake/bin/cmake.exe -E cmake_link_script CMakeFiles/cmTC_a340a.dir/link.txt --verbose=1
/cygdrive/c/cygwin64/bin/clang    -Wl,--enable-auto-import  CMakeFiles/cmTC_a340a.dir/feature_tests.c.o  -o cmTC_a340a.exe -Wl,--out-implib,libcmTC_a340a.dll.a -Wl,--major-image-version,0,--minor-image-version,0 
make[1]: Leaving directory '/cygdrive/c/Users/Kian/CLionProjects/q4helper/cmake-build-debug/CMakeFiles/CMakeTmp'


    Feature record: C_FEATURE:1c_function_prototypes
    Feature record: C_FEATURE:0c_restrict
    Feature record: C_FEATURE:0c_static_assert
    Feature record: C_FEATURE:0c_variadic_macros
Determining if the CXX compiler works passed with the following output:
Change Dir: /cygdrive/c/Users/Kian/CLionProjects/q4helper/cmake-build-debug/CMakeFiles/CMakeTmp

Run Build Command:"/usr/bin/make.exe" "cmTC_8d468/fast"
/usr/bin/make -f CMakeFiles/cmTC_8d468.dir/build.make CMakeFiles/cmTC_8d468.dir/build
make[1]: Entering directory '/cygdrive/c/Users/Kian/CLionProjects/q4helper/cmake-build-debug/CMakeFiles/CMakeTmp'
Building CXX object CMakeFiles/cmTC_8d468.dir/testCXXCompiler.cxx.o
/cygdrive/c/cygwin64/bin/clang++     -o CMakeFiles/cmTC_8d468.dir/testCXXCompiler.cxx.o -c /cygdrive/c/Users/Kian/CLionProjects/q4helper/cmake-build-debug/CMakeFiles/CMakeTmp/testCXXCompiler.cxx
Linking CXX executable cmTC_8d468.exe
/cygdrive/c/Users/Kian/.CLion2018.2/system/cygwin_cmake/bin/cmake.exe -E cmake_link_script CMakeFiles/cmTC_8d468.dir/link.txt --verbose=1
/cygdrive/c/cygwin64/bin/clang++    -Wl,--enable-auto-import  CMakeFiles/cmTC_8d468.dir/testCXXCompiler.cxx.o  -o cmTC_8d468.exe -Wl,--out-implib,libcmTC_8d468.dll.a -Wl,--major-image-version,0,--minor-image-version,0 
make[1]: Leaving directory '/cygdrive/c/Users/Kian/CLionProjects/q4helper/cmake-build-debug/CMakeFiles/CMakeTmp'


Detecting CXX compiler ABI info compiled with the following output:
Change Dir: /cygdrive/c/Users/Kian/CLionProjects/q4helper/cmake-build-debug/CMakeFiles/CMakeTmp

Run Build Command:"/usr/bin/make.exe" "cmTC_ffed0/fast"
/usr/bin/make -f CMakeFiles/cmTC_ffed0.dir/build.make CMakeFiles/cmTC_ffed0.dir/build
make[1]: Entering directory '/cygdrive/c/Users/Kian/CLionProjects/q4helper/cmake-build-debug/CMakeFiles/CMakeTmp'
Building CXX object CMakeFiles/cmTC_ffed0.dir/CMakeCXXCompilerABI.cpp.o
/cygdrive/c/cygwin64/bin/clang++     -o CMakeFiles/cmTC_ffed0.dir/CMakeCXXCompilerABI.cpp.o -c /cygdrive/c/Users/Kian/.CLion2018.2/system/cygwin_cmake/share/cmake-3.12.3/Modules/CMakeCXXCompilerABI.cpp
Linking CXX executable cmTC_ffed0.exe
/cygdrive/c/Users/Kian/.CLion2018.2/system/cygwin_cmake/bin/cmake.exe -E cmake_link_script CMakeFiles/cmTC_ffed0.dir/link.txt --verbose=1
/cygdrive/c/cygwin64/bin/clang++    -Wl,--enable-auto-import -v CMakeFiles/cmTC_ffed0.dir/CMakeCXXCompilerABI.cpp.o  -o cmTC_ffed0.exe -Wl,--out-implib,libcmTC_ffed0.dll.a -Wl,--major-image-version,0,--minor-image-version,0 
clang version 5.0.1 (tags/RELEASE_501/final)
Target: x86_64-unknown-windows-cygnus
Thread model: posix
InstalledDir: /cygdrive/c/cygwin64/bin
 "/cygdrive/c/cygwin64/bin/ld" -m i386pep --wrap _Znwm --wrap _Znam --wrap _ZnwmRKSt9nothrow_t --wrap _ZnamRKSt9nothrow_t --wrap _ZdlPv --wrap _ZdaPv --wrap _ZdlPvRKSt9nothrow_t --wrap _ZdaPvKSt9nothrow_t -Bdynamic --tsaware -o cmTC_ffed0.exe /usr/lib/crt0.o /usr/lib/gcc/x86_64-pc-cygwin/7.3.0/crtbegin.o -L/usr/lib/gcc/x86_64-pc-cygwin/7.3.0 -L/usr/x86_64-pc-cygwin/lib -L/usr/lib --enable-auto-import CMakeFiles/cmTC_ffed0.dir/CMakeCXXCompilerABI.cpp.o --out-implib libcmTC_ffed0.dll.a --major-image-version 0 --minor-image-version 0 -lstdc++ -liconv -lgcc_s -lgcc -lcygwin -ladvapi32 -lshell32 -luser32 -lkernel32 -lgcc_s -lgcc -lcygwin /usr/lib/default-manifest.o /usr/lib/gcc/x86_64-pc-cygwin/7.3.0/crtend.o
make[1]: Leaving directory '/cygdrive/c/Users/Kian/CLionProjects/q4helper/cmake-build-debug/CMakeFiles/CMakeTmp'


Parsed CXX implicit link information from above output:
  link line regex: [^( *|.*[/\])(ld\.exe|CMAKE_LINK_STARTFILE-NOTFOUND|([^/\]+-)?ld|collect2)[^/\]*( |$)]
  ignore line: [Change Dir: /cygdrive/c/Users/Kian/CLionProjects/q4helper/cmake-build-debug/CMakeFiles/CMakeTmp]
  ignore line: []
  ignore line: [Run Build Command:"/usr/bin/make.exe" "cmTC_ffed0/fast"]
  ignore line: [/usr/bin/make -f CMakeFiles/cmTC_ffed0.dir/build.make CMakeFiles/cmTC_ffed0.dir/build]
  ignore line: [make[1]: Entering directory '/cygdrive/c/Users/Kian/CLionProjects/q4helper/cmake-build-debug/CMakeFiles/CMakeTmp']
  ignore line: [Building CXX object CMakeFiles/cmTC_ffed0.dir/CMakeCXXCompilerABI.cpp.o]
  ignore line: [/cygdrive/c/cygwin64/bin/clang++     -o CMakeFiles/cmTC_ffed0.dir/CMakeCXXCompilerABI.cpp.o -c /cygdrive/c/Users/Kian/.CLion2018.2/system/cygwin_cmake/share/cmake-3.12.3/Modules/CMakeCXXCompilerABI.cpp]
  ignore line: [Linking CXX executable cmTC_ffed0.exe]
  ignore line: [/cygdrive/c/Users/Kian/.CLion2018.2/system/cygwin_cmake/bin/cmake.exe -E cmake_link_script CMakeFiles/cmTC_ffed0.dir/link.txt --verbose=1]
  ignore line: [/cygdrive/c/cygwin64/bin/clang++    -Wl,--enable-auto-import -v CMakeFiles/cmTC_ffed0.dir/CMakeCXXCompilerABI.cpp.o  -o cmTC_ffed0.exe -Wl,--out-implib,libcmTC_ffed0.dll.a -Wl,--major-image-version,0,--minor-image-version,0 ]
  ignore line: [clang version 5.0.1 (tags/RELEASE_501/final)]
  ignore line: [Target: x86_64-unknown-windows-cygnus]
  ignore line: [Thread model: posix]
  ignore line: [InstalledDir: /cygdrive/c/cygwin64/bin]
  link line: [ "/cygdrive/c/cygwin64/bin/ld" -m i386pep --wrap _Znwm --wrap _Znam --wrap _ZnwmRKSt9nothrow_t --wrap _ZnamRKSt9nothrow_t --wrap _ZdlPv --wrap _ZdaPv --wrap _ZdlPvRKSt9nothrow_t --wrap _ZdaPvKSt9nothrow_t -Bdynamic --tsaware -o cmTC_ffed0.exe /usr/lib/crt0.o /usr/lib/gcc/x86_64-pc-cygwin/7.3.0/crtbegin.o -L/usr/lib/gcc/x86_64-pc-cygwin/7.3.0 -L/usr/x86_64-pc-cygwin/lib -L/usr/lib --enable-auto-import CMakeFiles/cmTC_ffed0.dir/CMakeCXXCompilerABI.cpp.o --out-implib libcmTC_ffed0.dll.a --major-image-version 0 --minor-image-version 0 -lstdc++ -liconv -lgcc_s -lgcc -lcygwin -ladvapi32 -lshell32 -luser32 -lkernel32 -lgcc_s -lgcc -lcygwin /usr/lib/default-manifest.o /usr/lib/gcc/x86_64-pc-cygwin/7.3.0/crtend.o]
    arg [/cygdrive/c/cygwin64/bin/ld] ==> ignore
    arg [-m] ==> ignore
    arg [i386pep] ==> ignore
    arg [--wrap] ==> ignore
    arg [_Znwm] ==> ignore
    arg [--wrap] ==> ignore
    arg [_Znam] ==> ignore
    arg [--wrap] ==> ignore
    arg [_ZnwmRKSt9nothrow_t] ==> ignore
    arg [--wrap] ==> ignore
    arg [_ZnamRKSt9nothrow_t] ==> ignore
    arg [--wrap] ==> ignore
    arg [_ZdlPv] ==> ignore
    arg [--wrap] ==> ignore
    arg [_ZdaPv] ==> ignore
    arg [--wrap] ==> ignore
    arg [_ZdlPvRKSt9nothrow_t] ==> ignore
    arg [--wrap] ==> ignore
    arg [_ZdaPvKSt9nothrow_t] ==> ignore
    arg [-Bdynamic] ==> ignore
    arg [--tsaware] ==> ignore
    arg [-o] ==> ignore
    arg [cmTC_ffed0.exe] ==> ignore
    arg [/usr/lib/crt0.o] ==> ignore
    arg [/usr/lib/gcc/x86_64-pc-cygwin/7.3.0/crtbegin.o] ==> ignore
    arg [-L/usr/lib/gcc/x86_64-pc-cygwin/7.3.0] ==> dir [/usr/lib/gcc/x86_64-pc-cygwin/7.3.0]
    arg [-L/usr/x86_64-pc-cygwin/lib] ==> dir [/usr/x86_64-pc-cygwin/lib]
    arg [-L/usr/lib] ==> dir [/usr/lib]
    arg [--enable-auto-import] ==> ignore
    arg [CMakeFiles/cmTC_ffed0.dir/CMakeCXXCompilerABI.cpp.o] ==> ignore
    arg [--out-implib] ==> ignore
    arg [libcmTC_ffed0.dll.a] ==> ignore
    arg [--major-image-version] ==> ignore
    arg [0] ==> ignore
    arg [--minor-image-version] ==> ignore
    arg [0] ==> ignore
    arg [-lstdc++] ==> lib [stdc++]
    arg [-liconv] ==> lib [iconv]
    arg [-lgcc_s] ==> lib [gcc_s]
    arg [-lgcc] ==> lib [gcc]
    arg [-lcygwin] ==> lib [cygwin]
    arg [-ladvapi32] ==> lib [advapi32]
    arg [-lshell32] ==> lib [shell32]
    arg [-luser32] ==> lib [user32]
    arg [-lkernel32] ==> lib [kernel32]
    arg [-lgcc_s] ==> lib [gcc_s]
    arg [-lgcc] ==> lib [gcc]
    arg [-lcygwin] ==> lib [cygwin]
    arg [/usr/lib/default-manifest.o] ==> ignore
    arg [/usr/lib/gcc/x86_64-pc-cygwin/7.3.0/crtend.o] ==> ignore
  collapse library dir [/usr/lib/gcc/x86_64-pc-cygwin/7.3.0] ==> [/usr/lib/gcc/x86_64-pc-cygwin/7.3.0]
  collapse library dir [/usr/x86_64-pc-cygwin/lib] ==> [/usr/x86_64-pc-cygwin/lib]
  collapse library dir [/usr/lib] ==> [/usr/lib]
  implicit libs: [stdc++;iconv;gcc_s;gcc;cygwin;advapi32;shell32;user32;kernel32;gcc_s;gcc;cygwin]
  implicit dirs: [/usr/lib/gcc/x86_64-pc-cygwin/7.3.0;/usr/x86_64-pc-cygwin/lib;/usr/lib]
  implicit fwks: []




Detecting CXX [-std=c++2a] compiler features compiled with the following output:
Change Dir: /cygdrive/c/Users/Kian/CLionProjects/q4helper/cmake-build-debug/CMakeFiles/CMakeTmp

Run Build Command:"/usr/bin/make.exe" "cmTC_c754d/fast"
/usr/bin/make -f CMakeFiles/cmTC_c754d.dir/build.make CMakeFiles/cmTC_c754d.dir/build
make[1]: Entering directory '/cygdrive/c/Users/Kian/CLionProjects/q4helper/cmake-build-debug/CMakeFiles/CMakeTmp'
Building CXX object CMakeFiles/cmTC_c754d.dir/feature_tests.cxx.o
/cygdrive/c/cygwin64/bin/clang++    -std=c++2a -o CMakeFiles/cmTC_c754d.dir/feature_tests.cxx.o -c /cygdrive/c/Users/Kian/CLionProjects/q4helper/cmake-build-debug/CMakeFiles/feature_tests.cxx
Linking CXX executable cmTC_c754d.exe
/cygdrive/c/Users/Kian/.CLion2018.2/system/cygwin_cmake/bin/cmake.exe -E cmake_link_script CMakeFiles/cmTC_c754d.dir/link.txt --verbose=1
/cygdrive/c/cygwin64/bin/clang++    -Wl,--enable-auto-import  CMakeFiles/cmTC_c754d.dir/feature_tests.cxx.o  -o cmTC_c754d.exe -Wl,--out-implib,libcmTC_c754d.dll.a -Wl,--major-image-version,0,--minor-image-version,0 
make[1]: Leaving directory '/cygdrive/c/Users/Kian/CLionProjects/q4helper/cmake-build-debug/CMakeFiles/CMakeTmp'


    Feature record: CXX_FEATURE:1cxx_aggregate_default_initializers
    Feature record: CXX_FEATURE:1cxx_alias_templates
    Feature record: CXX_FEATURE:1cxx_alignas
    Feature record: CXX_FEATURE:1cxx_alignof
    Feature record: CXX_FEATURE:1cxx_attributes
    Feature record: CXX_FEATURE:1cxx_attribute_deprecated
    Feature record: CXX_FEATURE:1cxx_auto_type
    Feature record: CXX_FEATURE:1cxx_binary_literals
    Feature record: CXX_FEATURE:1cxx_constexpr
    Feature record: CXX_FEATURE:1cxx_contextual_conversions
    Feature record: CXX_FEATURE:1cxx_decltype
    Feature record: CXX_FEATURE:1cxx_decltype_auto
    Feature record: CXX_FEATURE:1cxx_decltype_incomplete_return_types
    Feature record: CXX_FEATURE:1cxx_default_function_template_args
    Feature record: CXX_FEATURE:1cxx_defaulted_functions
    Feature record: CXX_FEATURE:1cxx_defaulted_move_initializers
    Feature record: CXX_FEATURE:1cxx_delegating_constructors
    Feature record: CXX_FEATURE:1cxx_deleted_functions
    Feature record: CXX_FEATURE:1cxx_digit_separators
    Feature record: CXX_FEATURE:1cxx_enum_forward_declarations
    Feature record: CXX_FEATURE:1cxx_explicit_conversions
    Feature record: CXX_FEATURE:1cxx_extended_friend_declarations
    Feature record: CXX_FEATURE:1cxx_extern_templates
    Feature record: CXX_FEATURE:1cxx_final
    Feature record: CXX_FEATURE:1cxx_func_identifier
    Feature record: CXX_FEATURE:1cxx_generalized_initializers
    Feature record: CXX_FEATURE:1cxx_generic_lambdas
    Feature record: CXX_FEATURE:1cxx_inheriting_constructors
    Feature record: CXX_FEATURE:1cxx_inline_namespaces
    Feature record: CXX_FEATURE:1cxx_lambdas
    Feature record: CXX_FEATURE:1cxx_lambda_init_captures
    Feature record: CXX_FEATURE:1cxx_local_type_template_args
    Feature record: CXX_FEATURE:1cxx_long_long_type
    Feature record: CXX_FEATURE:1cxx_noexcept
    Feature record: CXX_FEATURE:1cxx_nonstatic_member_init
    Feature record: CXX_FEATURE:1cxx_nullptr
    Feature record: CXX_FEATURE:1cxx_override
    Feature record: CXX_FEATURE:1cxx_range_for
    Feature record: CXX_FEATURE:1cxx_raw_string_literals
    Feature record: CXX_FEATURE:1cxx_reference_qualified_functions
    Feature record: CXX_FEATURE:1cxx_relaxed_constexpr
    Feature record: CXX_FEATURE:1cxx_return_type_deduction
    Feature record: CXX_FEATURE:1cxx_right_angle_brackets
    Feature record: CXX_FEATURE:1cxx_rvalue_references
    Feature record: CXX_FEATURE:1cxx_sizeof_member
    Feature record: CXX_FEATURE:1cxx_static_assert
    Feature record: CXX_FEATURE:1cxx_strong_enums
    Feature record: CXX_FEATURE:1cxx_template_template_parameters
    Feature record: CXX_FEATURE:1cxx_thread_local
    Feature record: CXX_FEATURE:1cxx_trailing_return_types
    Feature record: CXX_FEATURE:1cxx_unicode_literals
    Feature record: CXX_FEATURE:1cxx_uniform_initialization
    Feature record: CXX_FEATURE:1cxx_unrestricted_unions
    Feature record: CXX_FEATURE:1cxx_user_literals
    Feature record: CXX_FEATURE:1cxx_variable_templates
    Feature record: CXX_FEATURE:1cxx_variadic_macros
    Feature record: CXX_FEATURE:1cxx_variadic_templates


Detecting CXX [-std=c++17] compiler features compiled with the following output:
Change Dir: /cygdrive/c/Users/Kian/CLionProjects/q4helper/cmake-build-debug/CMakeFiles/CMakeTmp

Run Build Command:"/usr/bin/make.exe" "cmTC_de726/fast"
/usr/bin/make -f CMakeFiles/cmTC_de726.dir/build.make CMakeFiles/cmTC_de726.dir/build
make[1]: Entering directory '/cygdrive/c/Users/Kian/CLionProjects/q4helper/cmake-build-debug/CMakeFiles/CMakeTmp'
Building CXX object CMakeFiles/cmTC_de726.dir/feature_tests.cxx.o
/cygdrive/c/cygwin64/bin/clang++    -std=c++17 -o CMakeFiles/cmTC_de726.dir/feature_tests.cxx.o -c /cygdrive/c/Users/Kian/CLionProjects/q4helper/cmake-build-debug/CMakeFiles/feature_tests.cxx
Linking CXX executable cmTC_de726.exe
/cygdrive/c/Users/Kian/.CLion2018.2/system/cygwin_cmake/bin/cmake.exe -E cmake_link_script CMakeFiles/cmTC_de726.dir/link.txt --verbose=1
/cygdrive/c/cygwin64/bin/clang++    -Wl,--enable-auto-import  CMakeFiles/cmTC_de726.dir/feature_tests.cxx.o  -o cmTC_de726.exe -Wl,--out-implib,libcmTC_de726.dll.a -Wl,--major-image-version,0,--minor-image-version,0 
make[1]: Leaving directory '/cygdrive/c/Users/Kian/CLionProjects/q4helper/cmake-build-debug/CMakeFiles/CMakeTmp'


    Feature record: CXX_FEATURE:1cxx_aggregate_default_initializers
    Feature record: CXX_FEATURE:1cxx_alias_templates
    Feature record: CXX_FEATURE:1cxx_alignas
    Feature record: CXX_FEATURE:1cxx_alignof
    Feature record: CXX_FEATURE:1cxx_attributes
    Feature record: CXX_FEATURE:1cxx_attribute_deprecated
    Feature record: CXX_FEATURE:1cxx_auto_type
    Feature record: CXX_FEATURE:1cxx_binary_literals
    Feature record: CXX_FEATURE:1cxx_constexpr
    Feature record: CXX_FEATURE:1cxx_contextual_conversions
    Feature record: CXX_FEATURE:1cxx_decltype
    Feature record: CXX_FEATURE:1cxx_decltype_auto
    Feature record: CXX_FEATURE:1cxx_decltype_incomplete_return_types
    Feature record: CXX_FEATURE:1cxx_default_function_template_args
    Feature record: CXX_FEATURE:1cxx_defaulted_functions
    Feature record: CXX_FEATURE:1cxx_defaulted_move_initializers
    Feature record: CXX_FEATURE:1cxx_delegating_constructors
    Feature record: CXX_FEATURE:1cxx_deleted_functions
    Feature record: CXX_FEATURE:1cxx_digit_separators
    Feature record: CXX_FEATURE:1cxx_enum_forward_declarations
    Feature record: CXX_FEATURE:1cxx_explicit_conversions
    Feature record: CXX_FEATURE:1cxx_extended_friend_declarations
    Feature record: CXX_FEATURE:1cxx_extern_templates
    Feature record: CXX_FEATURE:1cxx_final
    Feature record: CXX_FEATURE:1cxx_func_identifier
    Feature record: CXX_FEATURE:1cxx_generalized_initializers
    Feature record: CXX_FEATURE:1cxx_generic_lambdas
    Feature record: CXX_FEATURE:1cxx_inheriting_constructors
    Feature record: CXX_FEATURE:1cxx_inline_namespaces
    Feature record: CXX_FEATURE:1cxx_lambdas
    Feature record: CXX_FEATURE:1cxx_lambda_init_captures
    Feature record: CXX_FEATURE:1cxx_local_type_template_args
    Feature record: CXX_FEATURE:1cxx_long_long_type
    Feature record: CXX_FEATURE:1cxx_noexcept
    Feature record: CXX_FEATURE:1cxx_nonstatic_member_init
    Feature record: CXX_FEATURE:1cxx_nullptr
    Feature record: CXX_FEATURE:1cxx_override
    Feature record: CXX_FEATURE:1cxx_range_for
    Feature record: CXX_FEATURE:1cxx_raw_string_literals
    Feature record: CXX_FEATURE:1cxx_reference_qualified_functions
    Feature record: CXX_FEATURE:1cxx_relaxed_constexpr
    Feature record: CXX_FEATURE:1cxx_return_type_deduction
    Feature record: CXX_FEATURE:1cxx_right_angle_brackets
    Feature record: CXX_FEATURE:1cxx_rvalue_references
    Feature record: CXX_FEATURE:1cxx_sizeof_member
    Feature record: CXX_FEATURE:1cxx_static_assert
    Feature record: CXX_FEATURE:1cxx_strong_enums
    Feature record: CXX_FEATURE:1cxx_template_template_parameters
    Feature record: CXX_FEATURE:1cxx_thread_local
    Feature record: CXX_FEATURE:1cxx_trailing_return_types
    Feature record: CXX_FEATURE:1cxx_unicode_literals
    Feature record: CXX_FEATURE:1cxx_uniform_initialization
    Feature record: CXX_FEATURE:1cxx_unrestricted_unions
    Feature record: CXX_FEATURE:1cxx_user_literals
    Feature record: CXX_FEATURE:1cxx_variable_templates
    Feature record: CXX_FEATURE:1cxx_variadic_macros
    Feature record: CXX_FEATURE:1cxx_variadic_templates


Detecting CXX [-std=c++14] compiler features compiled with the following output:
Change Dir: /cygdrive/c/Users/Kian/CLionProjects/q4helper/cmake-build-debug/CMakeFiles/CMakeTmp

Run Build Command:"/usr/bin/make.exe" "cmTC_8ad4e/fast"
/usr/bin/make -f CMakeFiles/cmTC_8ad4e.dir/build.make CMakeFiles/cmTC_8ad4e.dir/build
make[1]: Entering directory '/cygdrive/c/Users/Kian/CLionProjects/q4helper/cmake-build-debug/CMakeFiles/CMakeTmp'
Building CXX object CMakeFiles/cmTC_8ad4e.dir/feature_tests.cxx.o
/cygdrive/c/cygwin64/bin/clang++    -std=c++14 -o CMakeFiles/cmTC_8ad4e.dir/feature_tests.cxx.o -c /cygdrive/c/Users/Kian/CLionProjects/q4helper/cmake-build-debug/CMakeFiles/feature_tests.cxx
Linking CXX executable cmTC_8ad4e.exe
/cygdrive/c/Users/Kian/.CLion2018.2/system/cygwin_cmake/bin/cmake.exe -E cmake_link_script CMakeFiles/cmTC_8ad4e.dir/link.txt --verbose=1
/cygdrive/c/cygwin64/bin/clang++    -Wl,--enable-auto-import  CMakeFiles/cmTC_8ad4e.dir/feature_tests.cxx.o  -o cmTC_8ad4e.exe -Wl,--out-implib,libcmTC_8ad4e.dll.a -Wl,--major-image-version,0,--minor-image-version,0 
make[1]: Leaving directory '/cygdrive/c/Users/Kian/CLionProjects/q4helper/cmake-build-debug/CMakeFiles/CMakeTmp'


    Feature record: CXX_FEATURE:1cxx_aggregate_default_initializers
    Feature record: CXX_FEATURE:1cxx_alias_templates
    Feature record: CXX_FEATURE:1cxx_alignas
    Feature record: CXX_FEATURE:1cxx_alignof
    Feature record: CXX_FEATURE:1cxx_attributes
    Feature record: CXX_FEATURE:1cxx_attribute_deprecated
    Feature record: CXX_FEATURE:1cxx_auto_type
    Feature record: CXX_FEATURE:1cxx_binary_literals
    Feature record: CXX_FEATURE:1cxx_constexpr
    Feature record: CXX_FEATURE:1cxx_contextual_conversions
    Feature record: CXX_FEATURE:1cxx_decltype
    Feature record: CXX_FEATURE:1cxx_decltype_auto
    Feature record: CXX_FEATURE:1cxx_decltype_incomplete_return_types
    Feature record: CXX_FEATURE:1cxx_default_function_template_args
    Feature record: CXX_FEATURE:1cxx_defaulted_functions
    Feature record: CXX_FEATURE:1cxx_defaulted_move_initializers
    Feature record: CXX_FEATURE:1cxx_delegating_constructors
    Feature record: CXX_FEATURE:1cxx_deleted_functions
    Feature record: CXX_FEATURE:1cxx_digit_separators
    Feature record: CXX_FEATURE:1cxx_enum_forward_declarations
    Feature record: CXX_FEATURE:1cxx_explicit_conversions
    Feature record: CXX_FEATURE:1cxx_extended_friend_declarations
    Feature record: CXX_FEATURE:1cxx_extern_templates
    Feature record: CXX_FEATURE:1cxx_final
    Feature record: CXX_FEATURE:1cxx_func_identifier
    Feature record: CXX_FEATURE:1cxx_generalized_initializers
    Feature record: CXX_FEATURE:1cxx_generic_lambdas
    Feature record: CXX_FEATURE:1cxx_inheriting_constructors
    Feature record: CXX_FEATURE:1cxx_inline_namespaces
    Feature record: CXX_FEATURE:1cxx_lambdas
    Feature record: CXX_FEATURE:1cxx_lambda_init_captures
    Feature record: CXX_FEATURE:1cxx_local_type_template_args
    Feature record: CXX_FEATURE:1cxx_long_long_type
    Feature record: CXX_FEATURE:1cxx_noexcept
    Feature record: CXX_FEATURE:1cxx_nonstatic_member_init
    Feature record: CXX_FEATURE:1cxx_nullptr
    Feature record: CXX_FEATURE:1cxx_override
    Feature record: CXX_FEATURE:1cxx_range_for
    Feature record: CXX_FEATURE:1cxx_raw_string_literals
    Feature record: CXX_FEATURE:1cxx_reference_qualified_functions
    Feature record: CXX_FEATURE:1cxx_relaxed_constexpr
    Feature record: CXX_FEATURE:1cxx_return_type_deduction
    Feature record: CXX_FEATURE:1cxx_right_angle_brackets
    Feature record: CXX_FEATURE:1cxx_rvalue_references
    Feature record: CXX_FEATURE:1cxx_sizeof_member
    Feature record: CXX_FEATURE:1cxx_static_assert
    Feature record: CXX_FEATURE:1cxx_strong_enums
    Feature record: CXX_FEATURE:1cxx_template_template_parameters
    Feature record: CXX_FEATURE:1cxx_thread_local
    Feature record: CXX_FEATURE:1cxx_trailing_return_types
    Feature record: CXX_FEATURE:1cxx_unicode_literals
    Feature record: CXX_FEATURE:1cxx_uniform_initialization
    Feature record: CXX_FEATURE:1cxx_unrestricted_unions
    Feature record: CXX_FEATURE:1cxx_user_literals
    Feature record: CXX_FEATURE:1cxx_variable_templates
    Feature record: CXX_FEATURE:1cxx_variadic_macros
    Feature record: CXX_FEATURE:1cxx_variadic_templates


Detecting CXX [-std=c++11] compiler features compiled with the following output:
Change Dir: /cygdrive/c/Users/Kian/CLionProjects/q4helper/cmake-build-debug/CMakeFiles/CMakeTmp

Run Build Command:"/usr/bin/make.exe" "cmTC_a73df/fast"
/usr/bin/make -f CMakeFiles/cmTC_a73df.dir/build.make CMakeFiles/cmTC_a73df.dir/build
make[1]: Entering directory '/cygdrive/c/Users/Kian/CLionProjects/q4helper/cmake-build-debug/CMakeFiles/CMakeTmp'
Building CXX object CMakeFiles/cmTC_a73df.dir/feature_tests.cxx.o
/cygdrive/c/cygwin64/bin/clang++    -std=c++11 -o CMakeFiles/cmTC_a73df.dir/feature_tests.cxx.o -c /cygdrive/c/Users/Kian/CLionProjects/q4helper/cmake-build-debug/CMakeFiles/feature_tests.cxx
Linking CXX executable cmTC_a73df.exe
/cygdrive/c/Users/Kian/.CLion2018.2/system/cygwin_cmake/bin/cmake.exe -E cmake_link_script CMakeFiles/cmTC_a73df.dir/link.txt --verbose=1
/cygdrive/c/cygwin64/bin/clang++    -Wl,--enable-auto-import  CMakeFiles/cmTC_a73df.dir/feature_tests.cxx.o  -o cmTC_a73df.exe -Wl,--out-implib,libcmTC_a73df.dll.a -Wl,--major-image-version,0,--minor-image-version,0 
make[1]: Leaving directory '/cygdrive/c/Users/Kian/CLionProjects/q4helper/cmake-build-debug/CMakeFiles/CMakeTmp'


    Feature record: CXX_FEATURE:0cxx_aggregate_default_initializers
    Feature record: CXX_FEATURE:1cxx_alias_templates
    Feature record: CXX_FEATURE:1cxx_alignas
    Feature record: CXX_FEATURE:1cxx_alignof
    Feature record: CXX_FEATURE:1cxx_attributes
    Feature record: CXX_FEATURE:0cxx_attribute_deprecated
    Feature record: CXX_FEATURE:1cxx_auto_type
    Feature record: CXX_FEATURE:0cxx_binary_literals
    Feature record: CXX_FEATURE:1cxx_constexpr
    Feature record: CXX_FEATURE:0cxx_contextual_conversions
    Feature record: CXX_FEATURE:1cxx_decltype
    Feature record: CXX_FEATURE:0cxx_decltype_auto
    Feature record: CXX_FEATURE:1cxx_decltype_incomplete_return_types
    Feature record: CXX_FEATURE:1cxx_default_function_template_args
    Feature record: CXX_FEATURE:1cxx_defaulted_functions
    Feature record: CXX_FEATURE:1cxx_defaulted_move_initializers
    Feature record: CXX_FEATURE:1cxx_delegating_constructors
    Feature record: CXX_FEATURE:1cxx_deleted_functions
    Feature record: CXX_FEATURE:0cxx_digit_separators
    Feature record: CXX_FEATURE:1cxx_enum_forward_declarations
    Feature record: CXX_FEATURE:1cxx_explicit_conversions
    Feature record: CXX_FEATURE:1cxx_extended_friend_declarations
    Feature record: CXX_FEATURE:1cxx_extern_templates
    Feature record: CXX_FEATURE:1cxx_final
    Feature record: CXX_FEATURE:1cxx_func_identifier
    Feature record: CXX_FEATURE:1cxx_generalized_initializers
    Feature record: CXX_FEATURE:0cxx_generic_lambdas
    Feature record: CXX_FEATURE:1cxx_inheriting_constructors
    Feature record: CXX_FEATURE:1cxx_inline_namespaces
    Feature record: CXX_FEATURE:1cxx_lambdas
    Feature record: CXX_FEATURE:0cxx_lambda_init_captures
    Feature record: CXX_FEATURE:1cxx_local_type_template_args
    Feature record: CXX_FEATURE:1cxx_long_long_type
    Feature record: CXX_FEATURE:1cxx_noexcept
    Feature record: CXX_FEATURE:1cxx_nonstatic_member_init
    Feature record: CXX_FEATURE:1cxx_nullptr
    Feature record: CXX_FEATURE:1cxx_override
    Feature record: CXX_FEATURE:1cxx_range_for
    Feature record: CXX_FEATURE:1cxx_raw_string_literals
    Feature record: CXX_FEATURE:1cxx_reference_qualified_functions
    Feature record: CXX_FEATURE:0cxx_relaxed_constexpr
    Feature record: CXX_FEATURE:0cxx_return_type_deduction
    Feature record: CXX_FEATURE:1cxx_right_angle_brackets
    Feature record: CXX_FEATURE:1cxx_rvalue_references
    Feature record: CXX_FEATURE:1cxx_sizeof_member
    Feature record: CXX_FEATURE:1cxx_static_assert
    Feature record: CXX_FEATURE:1cxx_strong_enums
    Feature record: CXX_FEATURE:1cxx_template_template_parameters
    Feature record: CXX_FEATURE:1cxx_thread_local
    Feature record: CXX_FEATURE:1cxx_trailing_return_types
    Feature record: CXX_FEATURE:1cxx_unicode_literals
    Feature record: CXX_FEATURE:1cxx_uniform_initialization
    Feature record: CXX_FEATURE:1cxx_unrestricted_unions
    Feature record: CXX_FEATURE:1cxx_user_literals
    Feature record: CXX_FEATURE:0cxx_variable_templates
    Feature record: CXX_FEATURE:1cxx_variadic_macros
    Feature record: CXX_FEATURE:1cxx_variadic_templates


Detecting CXX [-std=c++98] compiler features compiled with the following output:
Change Dir: /cygdrive/c/Users/Kian/CLionProjects/q4helper/cmake-build-debug/CMakeFiles/CMakeTmp

Run Build Command:"/usr/bin/make.exe" "cmTC_000e4/fast"
/usr/bin/make -f CMakeFiles/cmTC_000e4.dir/build.make CMakeFiles/cmTC_000e4.dir/build
make[1]: Entering directory '/cygdrive/c/Users/Kian/CLionProjects/q4helper/cmake-build-debug/CMakeFiles/CMakeTmp'
Building CXX object CMakeFiles/cmTC_000e4.dir/feature_tests.cxx.o
/cygdrive/c/cygwin64/bin/clang++    -std=c++98 -o CMakeFiles/cmTC_000e4.dir/feature_tests.cxx.o -c /cygdrive/c/Users/Kian/CLionProjects/q4helper/cmake-build-debug/CMakeFiles/feature_tests.cxx
Linking CXX executable cmTC_000e4.exe
/cygdrive/c/Users/Kian/.CLion2018.2/system/cygwin_cmake/bin/cmake.exe -E cmake_link_script CMakeFiles/cmTC_000e4.dir/link.txt --verbose=1
/cygdrive/c/cygwin64/bin/clang++    -Wl,--enable-auto-import  CMakeFiles/cmTC_000e4.dir/feature_tests.cxx.o  -o cmTC_000e4.exe -Wl,--out-implib,libcmTC_000e4.dll.a -Wl,--major-image-version,0,--minor-image-version,0 
make[1]: Leaving directory '/cygdrive/c/Users/Kian/CLionProjects/q4helper/cmake-build-debug/CMakeFiles/CMakeTmp'


    Feature record: CXX_FEATURE:0cxx_aggregate_default_initializers
    Feature record: CXX_FEATURE:0cxx_alias_templates
    Feature record: CXX_FEATURE:0cxx_alignas
    Feature record: CXX_FEATURE:0cxx_alignof
    Feature record: CXX_FEATURE:0cxx_attributes
    Feature record: CXX_FEATURE:0cxx_attribute_deprecated
    Feature record: CXX_FEATURE:0cxx_auto_type
    Feature record: CXX_FEATURE:0cxx_binary_literals
    Feature record: CXX_FEATURE:0cxx_constexpr
    Feature record: CXX_FEATURE:0cxx_contextual_conversions
    Feature record: CXX_FEATURE:0cxx_decltype
    Feature record: CXX_FEATURE:0cxx_decltype_auto
    Feature record: CXX_FEATURE:0cxx_decltype_incomplete_return_types
    Feature record: CXX_FEATURE:0cxx_default_function_template_args
    Feature record: CXX_FEATURE:0cxx_defaulted_functions
    Feature record: CXX_FEATURE:0cxx_defaulted_move_initializers
    Feature record: CXX_FEATURE:0cxx_delegating_constructors
    Feature record: CXX_FEATURE:0cxx_deleted_functions
    Feature record: CXX_FEATURE:0cxx_digit_separators
    Feature record: CXX_FEATURE:0cxx_enum_forward_declarations
    Feature record: CXX_FEATURE:0cxx_explicit_conversions
    Feature record: CXX_FEATURE:0cxx_extended_friend_declarations
    Feature record: CXX_FEATURE:0cxx_extern_templates
    Feature record: CXX_FEATURE:0cxx_final
    Feature record: CXX_FEATURE:0cxx_func_identifier
    Feature record: CXX_FEATURE:0cxx_generalized_initializers
    Feature record: CXX_FEATURE:0cxx_generic_lambdas
    Feature record: CXX_FEATURE:0cxx_inheriting_constructors
    Feature record: CXX_FEATURE:0cxx_inline_namespaces
    Feature record: CXX_FEATURE:0cxx_lambdas
    Feature record: CXX_FEATURE:0cxx_lambda_init_captures
    Feature record: CXX_FEATURE:0cxx_local_type_template_args
    Feature record: CXX_FEATURE:0cxx_long_long_type
    Feature record: CXX_FEATURE:0cxx_noexcept
    Feature record: CXX_FEATURE:0cxx_nonstatic_member_init
    Feature record: CXX_FEATURE:0cxx_nullptr
    Feature record: CXX_FEATURE:0cxx_override
    Feature record: CXX_FEATURE:0cxx_range_for
    Feature record: CXX_FEATURE:0cxx_raw_string_literals
    Feature record: CXX_FEATURE:0cxx_reference_qualified_functions
    Feature record: CXX_FEATURE:0cxx_relaxed_constexpr
    Feature record: CXX_FEATURE:0cxx_return_type_deduction
    Feature record: CXX_FEATURE:0cxx_right_angle_brackets
    Feature record: CXX_FEATURE:0cxx_rvalue_references
    Feature record: CXX_FEATURE:0cxx_sizeof_member
    Feature record: CXX_FEATURE:0cxx_static_assert
    Feature record: CXX_FEATURE:0cxx_strong_enums
    Feature record: CXX_FEATURE:1cxx_template_template_parameters
    Feature record: CXX_FEATURE:0cxx_thread_local
    Feature record: CXX_FEATURE:0cxx_trailing_return_types
    Feature record: CXX_FEATURE:0cxx_unicode_literals
    Feature record: CXX_FEATURE:0cxx_uniform_initialization
    Feature record: CXX_FEATURE:0cxx_unrestricted_unions
    Feature record: CXX_FEATURE:0cxx_user_literals
    Feature record: CXX_FEATURE:0cxx_variable_templates
    Feature record: CXX_FEATURE:0cxx_variadic_macros
    Feature record: CXX_FEATURE:0cxx_variadic_templates
